10:52:30 **** Build of configuration Debug for project unitTest ****
make -j8 all 
arm-none-eabi-gcc "../Core/Src/main.c" -mcpu=cortex-m4 -std=gnu11 -g3 -DDEBUG -DUSE_HAL_DRIVER -DSTM32F429xx -c -I../Core/Inc -I../Core/Inc/Include -I../Drivers/STM32F4xx_HAL_Driver/Inc -I../Drivers/STM32F4xx_HAL_Driver/Inc/Legacy -I../Drivers/CMSIS/Device/ST/STM32F4xx/Include -I../Drivers/CMSIS/Include -O0 -ffunction-sections -fdata-sections -Wall -fstack-usage -MMD -MP -MF"Core/Src/main.d" -MT"Core/Src/main.o" --specs=nano.specs -mfpu=fpv4-sp-d16 -mfloat-abi=hard -mthumb -o "Core/Src/main.o"
../Core/Src/main.c:22:10: fatal error: cmsis_os.h: No such file or directory
   22 | #include "cmsis_os.h"
      |          ^~~~~~~~~~~~
compilation terminated.
make: *** [Core/Src/subdir.mk:42: Core/Src/main.o] Error 1
"make -j8 all" terminated with exit code 2. Build might be incomplete.

10:52:31 Build Failed. 2 errors, 0 warnings. (took 941ms)

